  Siaod5.cpp
C:\Users\Polie\source\repos\Siaod_practice\Siaod5\Siaod5\Siaod5.cpp(235,22): warning C4566: character represented by universal-character-name '\u0422' cannot be represented in the current code page (1252)
C:\Users\Polie\source\repos\Siaod_practice\Siaod5\Siaod5\Siaod5.cpp(235,22): warning C4566: character represented by universal-character-name '\u0415' cannot be represented in the current code page (1252)
C:\Users\Polie\source\repos\Siaod_practice\Siaod5\Siaod5\Siaod5.cpp(235,22): warning C4566: character represented by universal-character-name '\u041A' cannot be represented in the current code page (1252)
C:\Users\Polie\source\repos\Siaod_practice\Siaod5\Siaod5\Siaod5.cpp(235,22): warning C4566: character represented by universal-character-name '\u0421' cannot be represented in the current code page (1252)
C:\Users\Polie\source\repos\Siaod_practice\Siaod5\Siaod5\Siaod5.cpp(235,22): warning C4566: character represented by universal-character-name '\u041E' cannot be represented in the current code page (1252)
C:\Users\Polie\source\repos\Siaod_practice\Siaod5\Siaod5\Siaod5.cpp(235,22): warning C4566: character represented by universal-character-name '\u0412' cannot be represented in the current code page (1252)
C:\Users\Polie\source\repos\Siaod_practice\Siaod5\Siaod5\Siaod5.cpp(235,22): warning C4566: character represented by universal-character-name '\u041C' cannot be represented in the current code page (1252)
C:\Users\Polie\source\repos\Siaod_practice\Siaod5\Siaod5\Siaod5.cpp(235,22): warning C4566: character represented by universal-character-name '\u041D' cannot be represented in the current code page (1252)
C:\Users\Polie\source\repos\Siaod_practice\Siaod5\Siaod5\Siaod5.cpp(235,22): warning C4566: character represented by universal-character-name '\u042E' cannot be represented in the current code page (1252)
C:\Users\Polie\source\repos\Siaod_practice\Siaod5\Siaod5\Siaod5.cpp(236,22): warning C4566: character represented by universal-character-name '\u0414' cannot be represented in the current code page (1252)
C:\Users\Polie\source\repos\Siaod_practice\Siaod5\Siaod5\Siaod5.cpp(236,22): warning C4566: character represented by universal-character-name '\u043E' cannot be represented in the current code page (1252)
C:\Users\Polie\source\repos\Siaod_practice\Siaod5\Siaod5\Siaod5.cpp(236,22): warning C4566: character represented by universal-character-name '\u0431' cannot be represented in the current code page (1252)
C:\Users\Polie\source\repos\Siaod_practice\Siaod5\Siaod5\Siaod5.cpp(236,22): warning C4566: character represented by universal-character-name '\u0430' cannot be represented in the current code page (1252)
C:\Users\Polie\source\repos\Siaod_practice\Siaod5\Siaod5\Siaod5.cpp(236,22): warning C4566: character represented by universal-character-name '\u0432' cannot be represented in the current code page (1252)
C:\Users\Polie\source\repos\Siaod_practice\Siaod5\Siaod5\Siaod5.cpp(236,22): warning C4566: character represented by universal-character-name '\u0438' cannot be represented in the current code page (1252)
C:\Users\Polie\source\repos\Siaod_practice\Siaod5\Siaod5\Siaod5.cpp(236,22): warning C4566: character represented by universal-character-name '\u0442' cannot be represented in the current code page (1252)
C:\Users\Polie\source\repos\Siaod_practice\Siaod5\Siaod5\Siaod5.cpp(236,22): warning C4566: character represented by universal-character-name '\u044C' cannot be represented in the current code page (1252)
C:\Users\Polie\source\repos\Siaod_practice\Siaod5\Siaod5\Siaod5.cpp(236,22): warning C4566: character represented by universal-character-name '\u044D' cannot be represented in the current code page (1252)
C:\Users\Polie\source\repos\Siaod_practice\Siaod5\Siaod5\Siaod5.cpp(236,22): warning C4566: character represented by universal-character-name '\u043B' cannot be represented in the current code page (1252)
C:\Users\Polie\source\repos\Siaod_practice\Siaod5\Siaod5\Siaod5.cpp(236,22): warning C4566: character represented by universal-character-name '\u0435' cannot be represented in the current code page (1252)
C:\Users\Polie\source\repos\Siaod_practice\Siaod5\Siaod5\Siaod5.cpp(236,22): warning C4566: character represented by universal-character-name '\u043C' cannot be represented in the current code page (1252)
C:\Users\Polie\source\repos\Siaod_practice\Siaod5\Siaod5\Siaod5.cpp(236,22): warning C4566: character represented by universal-character-name '\u043D' cannot be represented in the current code page (1252)
C:\Users\Polie\source\repos\Siaod_practice\Siaod5\Siaod5\Siaod5.cpp(236,22): warning C4566: character represented by universal-character-name '\u0441' cannot be represented in the current code page (1252)
C:\Users\Polie\source\repos\Siaod_practice\Siaod5\Siaod5\Siaod5.cpp(236,22): warning C4566: character represented by universal-character-name '\u043F' cannot be represented in the current code page (1252)
C:\Users\Polie\source\repos\Siaod_practice\Siaod5\Siaod5\Siaod5.cpp(236,22): warning C4566: character represented by universal-character-name '\u043A' cannot be represented in the current code page (1252)
C:\Users\Polie\source\repos\Siaod_practice\Siaod5\Siaod5\Siaod5.cpp(237,22): warning C4566: character represented by universal-character-name '\u0412' cannot be represented in the current code page (1252)
C:\Users\Polie\source\repos\Siaod_practice\Siaod5\Siaod5\Siaod5.cpp(237,22): warning C4566: character represented by universal-character-name '\u044B' cannot be represented in the current code page (1252)
C:\Users\Polie\source\repos\Siaod_practice\Siaod5\Siaod5\Siaod5.cpp(237,22): warning C4566: character represented by universal-character-name '\u0432' cannot be represented in the current code page (1252)
C:\Users\Polie\source\repos\Siaod_practice\Siaod5\Siaod5\Siaod5.cpp(237,22): warning C4566: character represented by universal-character-name '\u0435' cannot be represented in the current code page (1252)
C:\Users\Polie\source\repos\Siaod_practice\Siaod5\Siaod5\Siaod5.cpp(237,22): warning C4566: character represented by universal-character-name '\u0441' cannot be represented in the current code page (1252)
C:\Users\Polie\source\repos\Siaod_practice\Siaod5\Siaod5\Siaod5.cpp(237,22): warning C4566: character represented by universal-character-name '\u0442' cannot be represented in the current code page (1252)
C:\Users\Polie\source\repos\Siaod_practice\Siaod5\Siaod5\Siaod5.cpp(237,22): warning C4566: character represented by universal-character-name '\u0438' cannot be represented in the current code page (1252)
C:\Users\Polie\source\repos\Siaod_practice\Siaod5\Siaod5\Siaod5.cpp(237,22): warning C4566: character represented by universal-character-name '\u043D' cannot be represented in the current code page (1252)
C:\Users\Polie\source\repos\Siaod_practice\Siaod5\Siaod5\Siaod5.cpp(237,22): warning C4566: character represented by universal-character-name '\u0430' cannot be represented in the current code page (1252)
C:\Users\Polie\source\repos\Siaod_practice\Siaod5\Siaod5\Siaod5.cpp(237,22): warning C4566: character represented by universal-character-name '\u044D' cannot be represented in the current code page (1252)
C:\Users\Polie\source\repos\Siaod_practice\Siaod5\Siaod5\Siaod5.cpp(237,22): warning C4566: character represented by universal-character-name '\u043A' cannot be represented in the current code page (1252)
C:\Users\Polie\source\repos\Siaod_practice\Siaod5\Siaod5\Siaod5.cpp(237,22): warning C4566: character represented by universal-character-name '\u0440' cannot be represented in the current code page (1252)
C:\Users\Polie\source\repos\Siaod_practice\Siaod5\Siaod5\Siaod5.cpp(237,22): warning C4566: character represented by universal-character-name '\u043F' cannot be represented in the current code page (1252)
C:\Users\Polie\source\repos\Siaod_practice\Siaod5\Siaod5\Siaod5.cpp(237,22): warning C4566: character represented by universal-character-name '\u043E' cannot be represented in the current code page (1252)
C:\Users\Polie\source\repos\Siaod_practice\Siaod5\Siaod5\Siaod5.cpp(238,22): warning C4566: character represented by universal-character-name '\u0423' cannot be represented in the current code page (1252)
C:\Users\Polie\source\repos\Siaod_practice\Siaod5\Siaod5\Siaod5.cpp(238,22): warning C4566: character represented by universal-character-name '\u0434' cannot be represented in the current code page (1252)
C:\Users\Polie\source\repos\Siaod_practice\Siaod5\Siaod5\Siaod5.cpp(238,22): warning C4566: character represented by universal-character-name '\u0430' cannot be represented in the current code page (1252)
C:\Users\Polie\source\repos\Siaod_practice\Siaod5\Siaod5\Siaod5.cpp(238,22): warning C4566: character represented by universal-character-name '\u043B' cannot be represented in the current code page (1252)
C:\Users\Polie\source\repos\Siaod_practice\Siaod5\Siaod5\Siaod5.cpp(238,22): warning C4566: character represented by universal-character-name '\u0438' cannot be represented in the current code page (1252)
C:\Users\Polie\source\repos\Siaod_practice\Siaod5\Siaod5\Siaod5.cpp(238,22): warning C4566: character represented by universal-character-name '\u0442' cannot be represented in the current code page (1252)
C:\Users\Polie\source\repos\Siaod_practice\Siaod5\Siaod5\Siaod5.cpp(238,22): warning C4566: character represented by universal-character-name '\u044C' cannot be represented in the current code page (1252)
C:\Users\Polie\source\repos\Siaod_practice\Siaod5\Siaod5\Siaod5.cpp(238,22): warning C4566: character represented by universal-character-name '\u044D' cannot be represented in the current code page (1252)
C:\Users\Polie\source\repos\Siaod_practice\Siaod5\Siaod5\Siaod5.cpp(238,22): warning C4566: character represented by universal-character-name '\u0435' cannot be represented in the current code page (1252)
C:\Users\Polie\source\repos\Siaod_practice\Siaod5\Siaod5\Siaod5.cpp(238,22): warning C4566: character represented by universal-character-name '\u043C' cannot be represented in the current code page (1252)
C:\Users\Polie\source\repos\Siaod_practice\Siaod5\Siaod5\Siaod5.cpp(238,22): warning C4566: character represented by universal-character-name '\u043D' cannot be represented in the current code page (1252)
C:\Users\Polie\source\repos\Siaod_practice\Siaod5\Siaod5\Siaod5.cpp(239,22): warning C4566: character represented by universal-character-name '\u0423' cannot be represented in the current code page (1252)
C:\Users\Polie\source\repos\Siaod_practice\Siaod5\Siaod5\Siaod5.cpp(239,22): warning C4566: character represented by universal-character-name '\u0434' cannot be represented in the current code page (1252)
C:\Users\Polie\source\repos\Siaod_practice\Siaod5\Siaod5\Siaod5.cpp(239,22): warning C4566: character represented by universal-character-name '\u0430' cannot be represented in the current code page (1252)
C:\Users\Polie\source\repos\Siaod_practice\Siaod5\Siaod5\Siaod5.cpp(239,22): warning C4566: character represented by universal-character-name '\u043B' cannot be represented in the current code page (1252)
C:\Users\Polie\source\repos\Siaod_practice\Siaod5\Siaod5\Siaod5.cpp(239,22): warning C4566: character represented by universal-character-name '\u0438' cannot be represented in the current code page (1252)
C:\Users\Polie\source\repos\Siaod_practice\Siaod5\Siaod5\Siaod5.cpp(239,22): warning C4566: character represented by universal-character-name '\u0442' cannot be represented in the current code page (1252)
C:\Users\Polie\source\repos\Siaod_practice\Siaod5\Siaod5\Siaod5.cpp(239,22): warning C4566: character represented by universal-character-name '\u044C' cannot be represented in the current code page (1252)
C:\Users\Polie\source\repos\Siaod_practice\Siaod5\Siaod5\Siaod5.cpp(239,22): warning C4566: character represented by universal-character-name '\u043C' cannot be represented in the current code page (1252)
C:\Users\Polie\source\repos\Siaod_practice\Siaod5\Siaod5\Siaod5.cpp(239,22): warning C4566: character represented by universal-character-name '\u043A' cannot be represented in the current code page (1252)
C:\Users\Polie\source\repos\Siaod_practice\Siaod5\Siaod5\Siaod5.cpp(239,22): warning C4566: character represented by universal-character-name '\u0441' cannot be represented in the current code page (1252)
C:\Users\Polie\source\repos\Siaod_practice\Siaod5\Siaod5\Siaod5.cpp(239,22): warning C4566: character represented by universal-character-name '\u043D' cannot be represented in the current code page (1252)
C:\Users\Polie\source\repos\Siaod_practice\Siaod5\Siaod5\Siaod5.cpp(239,22): warning C4566: character represented by universal-character-name '\u044B' cannot be represented in the current code page (1252)
C:\Users\Polie\source\repos\Siaod_practice\Siaod5\Siaod5\Siaod5.cpp(239,22): warning C4566: character represented by universal-character-name '\u0439' cannot be represented in the current code page (1252)
C:\Users\Polie\source\repos\Siaod_practice\Siaod5\Siaod5\Siaod5.cpp(239,22): warning C4566: character represented by universal-character-name '\u044D' cannot be represented in the current code page (1252)
C:\Users\Polie\source\repos\Siaod_practice\Siaod5\Siaod5\Siaod5.cpp(239,22): warning C4566: character represented by universal-character-name '\u0435' cannot be represented in the current code page (1252)
C:\Users\Polie\source\repos\Siaod_practice\Siaod5\Siaod5\Siaod5.cpp(240,22): warning C4566: character represented by universal-character-name '\u0414' cannot be represented in the current code page (1252)
C:\Users\Polie\source\repos\Siaod_practice\Siaod5\Siaod5\Siaod5.cpp(240,22): warning C4566: character represented by universal-character-name '\u043E' cannot be represented in the current code page (1252)
C:\Users\Polie\source\repos\Siaod_practice\Siaod5\Siaod5\Siaod5.cpp(240,22): warning C4566: character represented by universal-character-name '\u0431' cannot be represented in the current code page (1252)
C:\Users\Polie\source\repos\Siaod_practice\Siaod5\Siaod5\Siaod5.cpp(240,22): warning C4566: character represented by universal-character-name '\u0430' cannot be represented in the current code page (1252)
C:\Users\Polie\source\repos\Siaod_practice\Siaod5\Siaod5\Siaod5.cpp(240,22): warning C4566: character represented by universal-character-name '\u0432' cannot be represented in the current code page (1252)
C:\Users\Polie\source\repos\Siaod_practice\Siaod5\Siaod5\Siaod5.cpp(240,22): warning C4566: character represented by universal-character-name '\u0438' cannot be represented in the current code page (1252)
C:\Users\Polie\source\repos\Siaod_practice\Siaod5\Siaod5\Siaod5.cpp(240,22): warning C4566: character represented by universal-character-name '\u0442' cannot be represented in the current code page (1252)
C:\Users\Polie\source\repos\Siaod_practice\Siaod5\Siaod5\Siaod5.cpp(240,22): warning C4566: character represented by universal-character-name '\u044C' cannot be represented in the current code page (1252)
C:\Users\Polie\source\repos\Siaod_practice\Siaod5\Siaod5\Siaod5.cpp(240,22): warning C4566: character represented by universal-character-name '\u043F' cannot be represented in the current code page (1252)
C:\Users\Polie\source\repos\Siaod_practice\Siaod5\Siaod5\Siaod5.cpp(240,22): warning C4566: character represented by universal-character-name '\u0435' cannot be represented in the current code page (1252)
C:\Users\Polie\source\repos\Siaod_practice\Siaod5\Siaod5\Siaod5.cpp(240,22): warning C4566: character represented by universal-character-name '\u0440' cannot be represented in the current code page (1252)
C:\Users\Polie\source\repos\Siaod_practice\Siaod5\Siaod5\Siaod5.cpp(240,22): warning C4566: character represented by universal-character-name '\u044B' cannot be represented in the current code page (1252)
C:\Users\Polie\source\repos\Siaod_practice\Siaod5\Siaod5\Siaod5.cpp(240,22): warning C4566: character represented by universal-character-name '\u0439' cannot be represented in the current code page (1252)
C:\Users\Polie\source\repos\Siaod_practice\Siaod5\Siaod5\Siaod5.cpp(240,22): warning C4566: character represented by universal-character-name '\u044D' cannot be represented in the current code page (1252)
C:\Users\Polie\source\repos\Siaod_practice\Siaod5\Siaod5\Siaod5.cpp(240,22): warning C4566: character represented by universal-character-name '\u043B' cannot be represented in the current code page (1252)
C:\Users\Polie\source\repos\Siaod_practice\Siaod5\Siaod5\Siaod5.cpp(240,22): warning C4566: character represented by universal-character-name '\u043C' cannot be represented in the current code page (1252)
C:\Users\Polie\source\repos\Siaod_practice\Siaod5\Siaod5\Siaod5.cpp(240,22): warning C4566: character represented by universal-character-name '\u043D' cannot be represented in the current code page (1252)
C:\Users\Polie\source\repos\Siaod_practice\Siaod5\Siaod5\Siaod5.cpp(241,22): warning C4566: character represented by universal-character-name '\u0421' cannot be represented in the current code page (1252)
C:\Users\Polie\source\repos\Siaod_practice\Siaod5\Siaod5\Siaod5.cpp(241,22): warning C4566: character represented by universal-character-name '\u043E' cannot be represented in the current code page (1252)
C:\Users\Polie\source\repos\Siaod_practice\Siaod5\Siaod5\Siaod5.cpp(241,22): warning C4566: character represented by universal-character-name '\u0437' cannot be represented in the current code page (1252)
C:\Users\Polie\source\repos\Siaod_practice\Siaod5\Siaod5\Siaod5.cpp(241,22): warning C4566: character represented by universal-character-name '\u0434' cannot be represented in the current code page (1252)
C:\Users\Polie\source\repos\Siaod_practice\Siaod5\Siaod5\Siaod5.cpp(241,22): warning C4566: character represented by universal-character-name '\u0430' cannot be represented in the current code page (1252)
C:\Users\Polie\source\repos\Siaod_practice\Siaod5\Siaod5\Siaod5.cpp(241,22): warning C4566: character represented by universal-character-name '\u0442' cannot be represented in the current code page (1252)
C:\Users\Polie\source\repos\Siaod_practice\Siaod5\Siaod5\Siaod5.cpp(241,22): warning C4566: character represented by universal-character-name '\u044C' cannot be represented in the current code page (1252)
C:\Users\Polie\source\repos\Siaod_practice\Siaod5\Siaod5\Siaod5.cpp(241,22): warning C4566: character represented by universal-character-name '\u0441' cannot be represented in the current code page (1252)
C:\Users\Polie\source\repos\Siaod_practice\Siaod5\Siaod5\Siaod5.cpp(241,22): warning C4566: character represented by universal-character-name '\u043F' cannot be represented in the current code page (1252)
C:\Users\Polie\source\repos\Siaod_practice\Siaod5\Siaod5\Siaod5.cpp(241,22): warning C4566: character represented by universal-character-name '\u0438' cannot be represented in the current code page (1252)
C:\Users\Polie\source\repos\Siaod_practice\Siaod5\Siaod5\Siaod5.cpp(241,22): warning C4566: character represented by universal-character-name '\u043A' cannot be represented in the current code page (1252)
C:\Users\Polie\source\repos\Siaod_practice\Siaod5\Siaod5\Siaod5.cpp(241,22): warning C4566: character represented by universal-character-name '\u0443' cannot be represented in the current code page (1252)
C:\Users\Polie\source\repos\Siaod_practice\Siaod5\Siaod5\Siaod5.cpp(241,22): warning C4566: character represented by universal-character-name '\u0449' cannot be represented in the current code page (1252)
C:\Users\Polie\source\repos\Siaod_practice\Siaod5\Siaod5\Siaod5.cpp(241,22): warning C4566: character represented by universal-character-name '\u0435' cannot be represented in the current code page (1252)
C:\Users\Polie\source\repos\Siaod_practice\Siaod5\Siaod5\Siaod5.cpp(241,22): warning C4566: character represented by universal-character-name '\u0432' cannot be represented in the current code page (1252)
C:\Users\Polie\source\repos\Siaod_practice\Siaod5\Siaod5\Siaod5.cpp(241,22): warning C4566: character represented by universal-character-name '\u044E' cannot be represented in the current code page (1252)
C:\Users\Polie\source\repos\Siaod_practice\Siaod5\Siaod5\Siaod5.cpp(241,22): warning C4566: character represented by universal-character-name '\u0433' cannot be represented in the current code page (1252)
C:\Users\Polie\source\repos\Siaod_practice\Siaod5\Siaod5\Siaod5.cpp(242,22): warning C4566: character represented by universal-character-name '\u041E' cannot be represented in the current code page (1252)
C:\Users\Polie\source\repos\Siaod_practice\Siaod5\Siaod5\Siaod5.cpp(242,22): warning C4566: character represented by universal-character-name '\u043F' cannot be represented in the current code page (1252)
C:\Users\Polie\source\repos\Siaod_practice\Siaod5\Siaod5\Siaod5.cpp(242,22): warning C4566: character represented by universal-character-name '\u0440' cannot be represented in the current code page (1252)
C:\Users\Polie\source\repos\Siaod_practice\Siaod5\Siaod5\Siaod5.cpp(242,22): warning C4566: character represented by universal-character-name '\u0435' cannot be represented in the current code page (1252)
C:\Users\Polie\source\repos\Siaod_practice\Siaod5\Siaod5\Siaod5.cpp(242,22): warning C4566: character represented by universal-character-name '\u0434' cannot be represented in the current code page (1252)
C:\Users\Polie\source\repos\Siaod_practice\Siaod5\Siaod5\Siaod5.cpp(242,22): warning C4566: character represented by universal-character-name '\u043B' cannot be represented in the current code page (1252)
C:\Users\Polie\source\repos\Siaod_practice\Siaod5\Siaod5\Siaod5.cpp(242,22): warning C4566: character represented by universal-character-name '\u0438' cannot be represented in the current code page (1252)
C:\Users\Polie\source\repos\Siaod_practice\Siaod5\Siaod5\Siaod5.cpp(242,22): warning C4566: character represented by universal-character-name '\u0442' cannot be represented in the current code page (1252)
C:\Users\Polie\source\repos\Siaod_practice\Siaod5\Siaod5\Siaod5.cpp(242,22): warning C4566: character represented by universal-character-name '\u044C' cannot be represented in the current code page (1252)
C:\Users\Polie\source\repos\Siaod_practice\Siaod5\Siaod5\Siaod5.cpp(242,22): warning C4566: character represented by universal-character-name '\u0441' cannot be represented in the current code page (1252)
C:\Users\Polie\source\repos\Siaod_practice\Siaod5\Siaod5\Siaod5.cpp(242,22): warning C4566: character represented by universal-character-name '\u0443' cannot be represented in the current code page (1252)
C:\Users\Polie\source\repos\Siaod_practice\Siaod5\Siaod5\Siaod5.cpp(242,22): warning C4566: character represented by universal-character-name '\u0431' cannot be represented in the current code page (1252)
C:\Users\Polie\source\repos\Siaod_practice\Siaod5\Siaod5\Siaod5.cpp(242,22): warning C4566: character represented by universal-character-name '\u043A' cannot be represented in the current code page (1252)
C:\Users\Polie\source\repos\Siaod_practice\Siaod5\Siaod5\Siaod5.cpp(242,22): warning C4566: character represented by universal-character-name '\u0430' cannot be represented in the current code page (1252)
C:\Users\Polie\source\repos\Siaod_practice\Siaod5\Siaod5\Siaod5.cpp(242,22): warning C4566: character represented by universal-character-name '\u044B' cannot be represented in the current code page (1252)
C:\Users\Polie\source\repos\Siaod_practice\Siaod5\Siaod5\Siaod5.cpp(243,22): warning C4566: character represented by universal-character-name '\u0417' cannot be represented in the current code page (1252)
C:\Users\Polie\source\repos\Siaod_practice\Siaod5\Siaod5\Siaod5.cpp(243,22): warning C4566: character represented by universal-character-name '\u0430' cannot be represented in the current code page (1252)
C:\Users\Polie\source\repos\Siaod_practice\Siaod5\Siaod5\Siaod5.cpp(243,22): warning C4566: character represented by universal-character-name '\u0433' cannot be represented in the current code page (1252)
C:\Users\Polie\source\repos\Siaod_practice\Siaod5\Siaod5\Siaod5.cpp(243,22): warning C4566: character represented by universal-character-name '\u0434' cannot be represented in the current code page (1252)
C:\Users\Polie\source\repos\Siaod_practice\Siaod5\Siaod5\Siaod5.cpp(243,22): warning C4566: character represented by universal-character-name '\u043E' cannot be represented in the current code page (1252)
C:\Users\Polie\source\repos\Siaod_practice\Siaod5\Siaod5\Siaod5.cpp(243,22): warning C4566: character represented by universal-character-name '\u0447' cannot be represented in the current code page (1252)
C:\Users\Polie\source\repos\Siaod_practice\Siaod5\Siaod5\Siaod5.cpp(243,22): warning C4566: character represented by universal-character-name '\u043D' cannot be represented in the current code page (1252)
C:\Users\Polie\source\repos\Siaod_practice\Siaod5\Siaod5\Siaod5.cpp(243,22): warning C4566: character represented by universal-character-name '\u044F' cannot be represented in the current code page (1252)
C:\Users\Polie\source\repos\Siaod_practice\Siaod5\Siaod5\Siaod5.cpp(243,22): warning C4566: character represented by universal-character-name '\u0444' cannot be represented in the current code page (1252)
C:\Users\Polie\source\repos\Siaod_practice\Siaod5\Siaod5\Siaod5.cpp(243,22): warning C4566: character represented by universal-character-name '\u0443' cannot be represented in the current code page (1252)
C:\Users\Polie\source\repos\Siaod_practice\Siaod5\Siaod5\Siaod5.cpp(243,22): warning C4566: character represented by universal-character-name '\u043A' cannot be represented in the current code page (1252)
C:\Users\Polie\source\repos\Siaod_practice\Siaod5\Siaod5\Siaod5.cpp(243,22): warning C4566: character represented by universal-character-name '\u0446' cannot be represented in the current code page (1252)
C:\Users\Polie\source\repos\Siaod_practice\Siaod5\Siaod5\Siaod5.cpp(243,22): warning C4566: character represented by universal-character-name '\u0438' cannot be represented in the current code page (1252)
C:\Users\Polie\source\repos\Siaod_practice\Siaod5\Siaod5\Siaod5.cpp(244,22): warning C4566: character represented by universal-character-name '\u0412' cannot be represented in the current code page (1252)
C:\Users\Polie\source\repos\Siaod_practice\Siaod5\Siaod5\Siaod5.cpp(244,22): warning C4566: character represented by universal-character-name '\u044B' cannot be represented in the current code page (1252)
C:\Users\Polie\source\repos\Siaod_practice\Siaod5\Siaod5\Siaod5.cpp(244,22): warning C4566: character represented by universal-character-name '\u0439' cannot be represented in the current code page (1252)
C:\Users\Polie\source\repos\Siaod_practice\Siaod5\Siaod5\Siaod5.cpp(244,22): warning C4566: character represented by universal-character-name '\u0442' cannot be represented in the current code page (1252)
C:\Users\Polie\source\repos\Siaod_practice\Siaod5\Siaod5\Siaod5.cpp(244,22): warning C4566: character represented by universal-character-name '\u0438' cannot be represented in the current code page (1252)
C:\Users\Polie\source\repos\Siaod_practice\Siaod5\Siaod5\Siaod5.cpp(244,22): warning C4566: character represented by universal-character-name '\u0437' cannot be represented in the current code page (1252)
C:\Users\Polie\source\repos\Siaod_practice\Siaod5\Siaod5\Siaod5.cpp(244,22): warning C4566: character represented by universal-character-name '\u043F' cannot be represented in the current code page (1252)
C:\Users\Polie\source\repos\Siaod_practice\Siaod5\Siaod5\Siaod5.cpp(244,22): warning C4566: character represented by universal-character-name '\u0440' cannot be represented in the current code page (1252)
C:\Users\Polie\source\repos\Siaod_practice\Siaod5\Siaod5\Siaod5.cpp(244,22): warning C4566: character represented by universal-character-name '\u043E' cannot be represented in the current code page (1252)
C:\Users\Polie\source\repos\Siaod_practice\Siaod5\Siaod5\Siaod5.cpp(244,22): warning C4566: character represented by universal-character-name '\u0433' cannot be represented in the current code page (1252)
C:\Users\Polie\source\repos\Siaod_practice\Siaod5\Siaod5\Siaod5.cpp(244,22): warning C4566: character represented by universal-character-name '\u0430' cannot be represented in the current code page (1252)
C:\Users\Polie\source\repos\Siaod_practice\Siaod5\Siaod5\Siaod5.cpp(244,22): warning C4566: character represented by universal-character-name '\u043C' cannot be represented in the current code page (1252)
C:\Users\Polie\source\repos\Siaod_practice\Siaod5\Siaod5\Siaod5.cpp(245,22): warning C4566: character represented by universal-character-name '\u0412' cannot be represented in the current code page (1252)
C:\Users\Polie\source\repos\Siaod_practice\Siaod5\Siaod5\Siaod5.cpp(245,22): warning C4566: character represented by universal-character-name '\u044B' cannot be represented in the current code page (1252)
C:\Users\Polie\source\repos\Siaod_practice\Siaod5\Siaod5\Siaod5.cpp(245,22): warning C4566: character represented by universal-character-name '\u0431' cannot be represented in the current code page (1252)
C:\Users\Polie\source\repos\Siaod_practice\Siaod5\Siaod5\Siaod5.cpp(245,22): warning C4566: character represented by universal-character-name '\u0435' cannot be represented in the current code page (1252)
C:\Users\Polie\source\repos\Siaod_practice\Siaod5\Siaod5\Siaod5.cpp(245,22): warning C4566: character represented by universal-character-name '\u0440' cannot be represented in the current code page (1252)
C:\Users\Polie\source\repos\Siaod_practice\Siaod5\Siaod5\Siaod5.cpp(245,22): warning C4566: character represented by universal-character-name '\u0438' cannot be represented in the current code page (1252)
C:\Users\Polie\source\repos\Siaod_practice\Siaod5\Siaod5\Siaod5.cpp(245,22): warning C4566: character represented by universal-character-name '\u0442' cannot be represented in the current code page (1252)
C:\Users\Polie\source\repos\Siaod_practice\Siaod5\Siaod5\Siaod5.cpp(245,22): warning C4566: character represented by universal-character-name '\u0434' cannot be represented in the current code page (1252)
C:\Users\Polie\source\repos\Siaod_practice\Siaod5\Siaod5\Siaod5.cpp(245,22): warning C4566: character represented by universal-character-name '\u0439' cannot be represented in the current code page (1252)
C:\Users\Polie\source\repos\Siaod_practice\Siaod5\Siaod5\Siaod5.cpp(245,22): warning C4566: character represented by universal-character-name '\u0441' cannot be represented in the current code page (1252)
C:\Users\Polie\source\repos\Siaod_practice\Siaod5\Siaod5\Siaod5.cpp(245,22): warning C4566: character represented by universal-character-name '\u0432' cannot be represented in the current code page (1252)
  Siaod5.vcxproj -> C:\Users\Polie\source\repos\Siaod_practice\Siaod5\x64\Debug\Siaod5.exe
